
> casa-no-lago-front@1.0.0 dev
> vite --host 127.0.0.1 --port 5173


  [32m[1mVITE[22m v5.4.21[39m  [2mready in [0m[1m230[22m[2m[0m ms[22m

  [32m➜[39m  [1mLocal[22m:   [36mhttp://127.0.0.1:[1m5173[22m/[39m
[2m13:34:08[22m [36m[1m[vite][22m[39m [32mhmr update [39m[2m/src/pages/HomePage.jsx, /src/pages/AdminRoomsPage.jsx[22m
[2m13:35:30[22m [36m[1m[vite][22m[39m [32mhmr update [39m[2m/src/pages/HomePage.jsx[22m
[2m13:35:38[22m [36m[1m[vite][22m[39m [32mhmr update [39m[2m/src/App.jsx[22m
[2m13:35:49[22m [36m[1m[vite][22m[39m [32mhmr update [39m[2m/src/context/AuthContext.jsx[22m
[2m13:35:49[22m [36m[1m[vite][22m[39m [33mhmr invalidate [39m[2m/src/context/AuthContext.jsx[22m Could not Fast Refresh ("hasValidStoredSession" export is incompatible). Learn more at https://github.com/vitejs/vite-plugin-react/tree/main/packages/plugin-react#consistent-components-exports
[2m13:35:49[22m [36m[1m[vite][22m[39m [32mpage reload [39m[2msrc/context/AuthContext.jsx[22m
[2m13:35:58[22m [36m[1m[vite][22m[39m [32mhmr update [39m[2m/src/components/layout/Navbar.jsx[22m
[2m13:36:35[22m [36m[1m[vite][22m[39m [32mhmr update [39m[2m/src/components/layout/Footer.jsx[22m
[2m13:36:52[22m [36m[1m[vite][22m[39m [32mhmr update [39m[2m/src/components/home/RoomCard.jsx[22m
[2m13:37:42[22m [36m[1m[vite][22m[39m [32mhmr update [39m[2m/src/styles/home.css[22m
[2m13:38:19[22m [36m[1m[vite][22m[39m [32mhmr update [39m[2m/src/styles/home.css[22m
[2m13:39:51[22m [36m[1m[vite][22m[39m [32mhmr update [39m[2m/src/pages/HomePage.jsx, /src/pages/RoomsPage.jsx[22m
[2m13:40:01[22m [36m[1m[vite][22m[39m [32mhmr update [39m[2m/src/pages/HomePage.jsx[22m
[2m13:40:10[22m [36m[1m[vite][22m[39m [32mhmr update [39m[2m/src/pages/RoomsPage.jsx[22m
[2m14:03:27[22m [36m[1m[vite][22m[39m [32mhmr update [39m[2m/src/pages/HomePage.jsx, /src/pages/RoomsPage.jsx[22m
[2m14:03:43[22m [36m[1m[vite][22m[39m [32mhmr update [39m[2m/src/pages/RoomsPage.jsx[22m
[2m14:03:57[22m [36m[1m[vite][22m[39m [32mhmr update [39m[2m/src/pages/RoomsPage.jsx[22m
[2m14:04:25[22m [36m[1m[vite][22m[39m [32mhmr update [39m[2m/src/components/home/RoomSearchBar.jsx[22m
[2m14:04:51[22m [36m[1m[vite][22m[39m [32mhmr update [39m[2m/src/styles/home.css[22m
[2m14:07:45[22m [36m[1m[vite][22m[39m [32mhmr update [39m[2m/src/components/home/RoomSearchBar.jsx[22m
[2m14:15:57[22m [36m[1m[vite][22m[39m [32mhmr update [39m[2m/src/pages/HomePage.jsx, /src/pages/RoomsPage.jsx[22m
